IdentityVerification/IdentityVerificationKotlinBasicExample/app/build/intermediates/manifest_merge_blame_file/debug/manifest-merger-blame-debug-report.txt
1<?xml version="1.0" encoding="utf-8"?>
2<manifest xmlns:android="http://schemas.android.com/apk/res/android"
3    package="com.transmitsecurity.identityverificationbasic"
4    android:versionCode="1"
5    android:versionName="1.0" >
6
7    <uses-sdk
8        android:minSdkVersion="23"
8-->src/main/AndroidManifest.xml
9        android:targetSdkVersion="33" />
9-->src/main/AndroidManifest.xml
10
11    <uses-feature android:name="android.hardware.camera.any" />
11-->[com.ts.sdk:identityverification:1.0.3] AndroidManifest.xml:7:5-64
11-->[com.ts.sdk:identityverification:1.0.3] AndroidManifest.xml:7:19-61
12
13    <uses-permission android:name="android.permission.CAMERA" />
13-->[com.ts.sdk:identityverification:1.0.3] AndroidManifest.xml:9:5-65
13-->[com.ts.sdk:identityverification:1.0.3] AndroidManifest.xml:9:22-62
14    <uses-permission android:name="android.permission.INTERNET" />
14-->[com.ts.sdk:core:1.0.3] AndroidManifest.xml:7:5-67
14-->[com.ts.sdk:core:1.0.3] AndroidManifest.xml:7:22-64
15    <uses-permission android:name="android.permission.WAKE_LOCK" />
15-->[androidx.work:work-runtime:2.7.1] AndroidManifest.xml:25:5-68
15-->[androidx.work:work-runtime:2.7.1] AndroidManifest.xml:25:22-65
16    <uses-permission android:name="android.permission.ACCESS_NETWORK_STATE" />
16-->[androidx.work:work-runtime:2.7.1] AndroidManifest.xml:26:5-79
16-->[androidx.work:work-runtime:2.7.1] AndroidManifest.xml:26:22-76
17    <uses-permission android:name="android.permission.RECEIVE_BOOT_COMPLETED" />
17-->[androidx.work:work-runtime:2.7.1] AndroidManifest.xml:27:5-81
17-->[androidx.work:work-runtime:2.7.1] AndroidManifest.xml:27:22-78
18    <uses-permission android:name="android.permission.FOREGROUND_SERVICE" />
18-->[androidx.work:work-runtime:2.7.1] AndroidManifest.xml:28:5-77
18-->[androidx.work:work-runtime:2.7.1] AndroidManifest.xml:28:22-74
19
20    <permission
20-->[androidx.core:core:1.10.1] AndroidManifest.xml:22:5-24:47
21        android:name="com.transmitsecurity.identityverificationbasic.DYNAMIC_RECEIVER_NOT_EXPORTED_PERMISSION"
21-->[androidx.core:core:1.10.1] AndroidManifest.xml:23:9-81
22        android:protectionLevel="signature" />
22-->[androidx.core:core:1.10.1] AndroidManifest.xml:24:9-44
23
24    <uses-permission android:name="com.transmitsecurity.identityverificationbasic.DYNAMIC_RECEIVER_NOT_EXPORTED_PERMISSION" />
24-->[androidx.core:core:1.10.1] AndroidManifest.xml:26:5-97
24-->[androidx.core:core:1.10.1] AndroidManifest.xml:26:22-94
25
26    <application
26-->src/main/AndroidManifest.xml:5:5-24:19
27        android:name="com.transmitsecurity.identityverificationbasic.MyApplication"
27-->src/main/AndroidManifest.xml:6:9-38
28        android:allowBackup="true"
28-->src/main/AndroidManifest.xml:7:9-35
29        android:appComponentFactory="androidx.core.app.CoreComponentFactory"
29-->[androidx.core:core:1.10.1] AndroidManifest.xml:28:18-86
30        android:dataExtractionRules="@xml/data_extraction_rules"
30-->src/main/AndroidManifest.xml:8:9-65
31        android:debuggable="true"
32        android:extractNativeLibs="false"
33        android:fullBackupContent="@xml/backup_rules"
33-->src/main/AndroidManifest.xml:9:9-54
34        android:icon="@mipmap/ic_launcher"
34-->src/main/AndroidManifest.xml:10:9-43
35        android:label="@string/app_name"
35-->src/main/AndroidManifest.xml:11:9-41
36        android:supportsRtl="true"
36-->src/main/AndroidManifest.xml:12:9-35
37        android:testOnly="true"
38        android:theme="@style/Theme.IdentityVerificationBasic" >
38-->src/main/AndroidManifest.xml:13:9-63
39        <activity
39-->src/main/AndroidManifest.xml:15:9-23:20
40            android:name="com.transmitsecurity.identityverificationbasic.MainActivity"
40-->src/main/AndroidManifest.xml:16:13-41
41            android:exported="true" >
41-->src/main/AndroidManifest.xml:17:13-36
42            <intent-filter>
42-->src/main/AndroidManifest.xml:18:13-22:29
43                <action android:name="android.intent.action.MAIN" />
43-->src/main/AndroidManifest.xml:19:17-69
43-->src/main/AndroidManifest.xml:19:25-66
44
45                <category android:name="android.intent.category.LAUNCHER" />
45-->src/main/AndroidManifest.xml:21:17-77
45-->src/main/AndroidManifest.xml:21:27-74
46            </intent-filter>
47        </activity>
48        <activity
48-->[com.ts.sdk:identityverification:1.0.3] AndroidManifest.xml:12:9-18:20
49            android:name="com.transmit.identityverification.ui.TSVIDWizardActivity"
49-->[com.ts.sdk:identityverification:1.0.3] AndroidManifest.xml:13:13-84
50            android:enableOnBackInvokedCallback="true"
50-->[com.ts.sdk:identityverification:1.0.3] AndroidManifest.xml:14:13-55
51            android:exported="false"
51-->[com.ts.sdk:identityverification:1.0.3] AndroidManifest.xml:15:13-37
52            android:screenOrientation="portrait"
52-->[com.ts.sdk:identityverification:1.0.3] AndroidManifest.xml:16:13-49
53            android:theme="@style/Theme.AppCompat.Translucent" >
53-->[com.ts.sdk:identityverification:1.0.3] AndroidManifest.xml:17:13-63
54        </activity>
55
56        <uses-library
56-->[androidx.window:window:1.0.0] AndroidManifest.xml:25:9-27:40
57            android:name="androidx.window.extensions"
57-->[androidx.window:window:1.0.0] AndroidManifest.xml:26:13-54
58            android:required="false" />
58-->[androidx.window:window:1.0.0] AndroidManifest.xml:27:13-37
59        <uses-library
59-->[androidx.window:window:1.0.0] AndroidManifest.xml:28:9-30:40
60            android:name="androidx.window.sidecar"
60-->[androidx.window:window:1.0.0] AndroidManifest.xml:29:13-51
61            android:required="false" />
61-->[androidx.window:window:1.0.0] AndroidManifest.xml:30:13-37
62
63        <provider
63-->[androidx.emoji2:emoji2:1.2.0] AndroidManifest.xml:24:9-32:20
64            android:name="androidx.startup.InitializationProvider"
64-->[androidx.emoji2:emoji2:1.2.0] AndroidManifest.xml:25:13-67
65            android:authorities="com.transmitsecurity.identityverificationbasic.androidx-startup"
65-->[androidx.emoji2:emoji2:1.2.0] AndroidManifest.xml:26:13-68
66            android:exported="false" >
66-->[androidx.emoji2:emoji2:1.2.0] AndroidManifest.xml:27:13-37
67            <meta-data
67-->[androidx.emoji2:emoji2:1.2.0] AndroidManifest.xml:29:13-31:52
68                android:name="androidx.emoji2.text.EmojiCompatInitializer"
68-->[androidx.emoji2:emoji2:1.2.0] AndroidManifest.xml:30:17-75
69                android:value="androidx.startup" />
69-->[androidx.emoji2:emoji2:1.2.0] AndroidManifest.xml:31:17-49
70            <meta-data
70-->[androidx.work:work-runtime:2.7.1] AndroidManifest.xml:36:13-38:52
71                android:name="androidx.work.WorkManagerInitializer"
71-->[androidx.work:work-runtime:2.7.1] AndroidManifest.xml:37:17-68
72                android:value="androidx.startup" />
72-->[androidx.work:work-runtime:2.7.1] AndroidManifest.xml:38:17-49
73            <meta-data
73-->[androidx.lifecycle:lifecycle-process:2.4.1] AndroidManifest.xml:31:13-33:52
74                android:name="androidx.lifecycle.ProcessLifecycleInitializer"
74-->[androidx.lifecycle:lifecycle-process:2.4.1] AndroidManifest.xml:32:17-78
75                android:value="androidx.startup" />
75-->[androidx.lifecycle:lifecycle-process:2.4.1] AndroidManifest.xml:33:17-49
76        </provider>
77
78        <service
78-->[androidx.camera:camera-camera2:1.2.3] AndroidManifest.xml:24:9-33:19
79            android:name="androidx.camera.core.impl.MetadataHolderService"
79-->[androidx.camera:camera-camera2:1.2.3] AndroidManifest.xml:25:13-75
80            android:enabled="false"
80-->[androidx.camera:camera-camera2:1.2.3] AndroidManifest.xml:26:13-36
81            android:exported="false" >
81-->[androidx.camera:camera-camera2:1.2.3] AndroidManifest.xml:27:13-37
82            <meta-data
82-->[androidx.camera:camera-camera2:1.2.3] AndroidManifest.xml:30:13-32:89
83                android:name="androidx.camera.core.impl.MetadataHolderService.DEFAULT_CONFIG_PROVIDER"
83-->[androidx.camera:camera-camera2:1.2.3] AndroidManifest.xml:31:17-103
84                android:value="androidx.camera.camera2.Camera2Config$DefaultProvider" />
84-->[androidx.camera:camera-camera2:1.2.3] AndroidManifest.xml:32:17-86
85        </service>
86        <service
86-->[androidx.work:work-runtime:2.7.1] AndroidManifest.xml:41:9-46:35
87            android:name="androidx.work.impl.background.systemalarm.SystemAlarmService"
87-->[androidx.work:work-runtime:2.7.1] AndroidManifest.xml:42:13-88
88            android:directBootAware="false"
88-->[androidx.work:work-runtime:2.7.1] AndroidManifest.xml:43:13-44
89            android:enabled="@bool/enable_system_alarm_service_default"
89-->[androidx.work:work-runtime:2.7.1] AndroidManifest.xml:44:13-72
90            android:exported="false" />
90-->[androidx.work:work-runtime:2.7.1] AndroidManifest.xml:45:13-37
91        <service
91-->[androidx.work:work-runtime:2.7.1] AndroidManifest.xml:47:9-53:35
92            android:name="androidx.work.impl.background.systemjob.SystemJobService"
92-->[androidx.work:work-runtime:2.7.1] AndroidManifest.xml:48:13-84
93            android:directBootAware="false"
93-->[androidx.work:work-runtime:2.7.1] AndroidManifest.xml:49:13-44
94            android:enabled="@bool/enable_system_job_service_default"
94-->[androidx.work:work-runtime:2.7.1] AndroidManifest.xml:50:13-70
95            android:exported="true"
95-->[androidx.work:work-runtime:2.7.1] AndroidManifest.xml:51:13-36
96            android:permission="android.permission.BIND_JOB_SERVICE" />
96-->[androidx.work:work-runtime:2.7.1] AndroidManifest.xml:52:13-69
97        <service
97-->[androidx.work:work-runtime:2.7.1] AndroidManifest.xml:54:9-59:35
98            android:name="androidx.work.impl.foreground.SystemForegroundService"
98-->[androidx.work:work-runtime:2.7.1] AndroidManifest.xml:55:13-81
99            android:directBootAware="false"
99-->[androidx.work:work-runtime:2.7.1] AndroidManifest.xml:56:13-44
100            android:enabled="@bool/enable_system_foreground_service_default"
100-->[androidx.work:work-runtime:2.7.1] AndroidManifest.xml:57:13-77
101            android:exported="false" />
101-->[androidx.work:work-runtime:2.7.1] AndroidManifest.xml:58:13-37
102
103        <receiver
103-->[androidx.work:work-runtime:2.7.1] AndroidManifest.xml:61:9-66:35
104            android:name="androidx.work.impl.utils.ForceStopRunnable$BroadcastReceiver"
104-->[androidx.work:work-runtime:2.7.1] AndroidManifest.xml:62:13-88
105            android:directBootAware="false"
105-->[androidx.work:work-runtime:2.7.1] AndroidManifest.xml:63:13-44
106            android:enabled="true"
106-->[androidx.work:work-runtime:2.7.1] AndroidManifest.xml:64:13-35
107            android:exported="false" />
107-->[androidx.work:work-runtime:2.7.1] AndroidManifest.xml:65:13-37
108        <receiver
108-->[androidx.work:work-runtime:2.7.1] AndroidManifest.xml:67:9-77:20
109            android:name="androidx.work.impl.background.systemalarm.ConstraintProxy$BatteryChargingProxy"
109-->[androidx.work:work-runtime:2.7.1] AndroidManifest.xml:68:13-106
110            android:directBootAware="false"
110-->[androidx.work:work-runtime:2.7.1] AndroidManifest.xml:69:13-44
111            android:enabled="false"
111-->[androidx.work:work-runtime:2.7.1] AndroidManifest.xml:70:13-36
112            android:exported="false" >
112-->[androidx.work:work-runtime:2.7.1] AndroidManifest.xml:71:13-37
113            <intent-filter>
113-->[androidx.work:work-runtime:2.7.1] AndroidManifest.xml:73:13-76:29
114                <action android:name="android.intent.action.ACTION_POWER_CONNECTED" />
114-->[androidx.work:work-runtime:2.7.1] AndroidManifest.xml:74:17-87
114-->[androidx.work:work-runtime:2.7.1] AndroidManifest.xml:74:25-84
115                <action android:name="android.intent.action.ACTION_POWER_DISCONNECTED" />
115-->[androidx.work:work-runtime:2.7.1] AndroidManifest.xml:75:17-90
115-->[androidx.work:work-runtime:2.7.1] AndroidManifest.xml:75:25-87
116            </intent-filter>
117        </receiver>
118        <receiver
118-->[androidx.work:work-runtime:2.7.1] AndroidManifest.xml:78:9-88:20
119            android:name="androidx.work.impl.background.systemalarm.ConstraintProxy$BatteryNotLowProxy"
119-->[androidx.work:work-runtime:2.7.1] AndroidManifest.xml:79:13-104
120            android:directBootAware="false"
120-->[androidx.work:work-runtime:2.7.1] AndroidManifest.xml:80:13-44
121            android:enabled="false"
121-->[androidx.work:work-runtime:2.7.1] AndroidManifest.xml:81:13-36
122            android:exported="false" >
122-->[androidx.work:work-runtime:2.7.1] AndroidManifest.xml:82:13-37
123            <intent-filter>
123-->[androidx.work:work-runtime:2.7.1] AndroidManifest.xml:84:13-87:29
124                <action android:name="android.intent.action.BATTERY_OKAY" />
124-->[androidx.work:work-runtime:2.7.1] AndroidManifest.xml:85:17-77
124-->[androidx.work:work-runtime:2.7.1] AndroidManifest.xml:85:25-74
125                <action android:name="android.intent.action.BATTERY_LOW" />
125-->[androidx.work:work-runtime:2.7.1] AndroidManifest.xml:86:17-76
125-->[androidx.work:work-runtime:2.7.1] AndroidManifest.xml:86:25-73
126            </intent-filter>
127        </receiver>
128        <receiver
128-->[androidx.work:work-runtime:2.7.1] AndroidManifest.xml:89:9-99:20
129            android:name="androidx.work.impl.background.systemalarm.ConstraintProxy$StorageNotLowProxy"
129-->[androidx.work:work-runtime:2.7.1] AndroidManifest.xml:90:13-104
130            android:directBootAware="false"
130-->[androidx.work:work-runtime:2.7.1] AndroidManifest.xml:91:13-44
131            android:enabled="false"
131-->[androidx.work:work-runtime:2.7.1] AndroidManifest.xml:92:13-36
132            android:exported="false" >
132-->[androidx.work:work-runtime:2.7.1] AndroidManifest.xml:93:13-37
133            <intent-filter>
133-->[androidx.work:work-runtime:2.7.1] AndroidManifest.xml:95:13-98:29
134                <action android:name="android.intent.action.DEVICE_STORAGE_LOW" />
134-->[androidx.work:work-runtime:2.7.1] AndroidManifest.xml:96:17-83
134-->[androidx.work:work-runtime:2.7.1] AndroidManifest.xml:96:25-80
135                <action android:name="android.intent.action.DEVICE_STORAGE_OK" />
135-->[androidx.work:work-runtime:2.7.1] AndroidManifest.xml:97:17-82
135-->[androidx.work:work-runtime:2.7.1] AndroidManifest.xml:97:25-79
136            </intent-filter>
137        </receiver>
138        <receiver
138-->[androidx.work:work-runtime:2.7.1] AndroidManifest.xml:100:9-109:20
139            android:name="androidx.work.impl.background.systemalarm.ConstraintProxy$NetworkStateProxy"
139-->[androidx.work:work-runtime:2.7.1] AndroidManifest.xml:101:13-103
140            android:directBootAware="false"
140-->[androidx.work:work-runtime:2.7.1] AndroidManifest.xml:102:13-44
141            android:enabled="false"
141-->[androidx.work:work-runtime:2.7.1] AndroidManifest.xml:103:13-36
142            android:exported="false" >
142-->[androidx.work:work-runtime:2.7.1] AndroidManifest.xml:104:13-37
143            <intent-filter>
143-->[androidx.work:work-runtime:2.7.1] AndroidManifest.xml:106:13-108:29
144                <action android:name="android.net.conn.CONNECTIVITY_CHANGE" />
144-->[androidx.work:work-runtime:2.7.1] AndroidManifest.xml:107:17-79
144-->[androidx.work:work-runtime:2.7.1] AndroidManifest.xml:107:25-76
145            </intent-filter>
146        </receiver>
147        <receiver
147-->[androidx.work:work-runtime:2.7.1] AndroidManifest.xml:110:9-121:20
148            android:name="androidx.work.impl.background.systemalarm.RescheduleReceiver"
148-->[androidx.work:work-runtime:2.7.1] AndroidManifest.xml:111:13-88
149            android:directBootAware="false"
149-->[androidx.work:work-runtime:2.7.1] AndroidManifest.xml:112:13-44
150            android:enabled="false"
150-->[androidx.work:work-runtime:2.7.1] AndroidManifest.xml:113:13-36
151            android:exported="false" >
151-->[androidx.work:work-runtime:2.7.1] AndroidManifest.xml:114:13-37
152            <intent-filter>
152-->[androidx.work:work-runtime:2.7.1] AndroidManifest.xml:116:13-120:29
153                <action android:name="android.intent.action.BOOT_COMPLETED" />
153-->[androidx.work:work-runtime:2.7.1] AndroidManifest.xml:117:17-79
153-->[androidx.work:work-runtime:2.7.1] AndroidManifest.xml:117:25-76
154                <action android:name="android.intent.action.TIME_SET" />
154-->[androidx.work:work-runtime:2.7.1] AndroidManifest.xml:118:17-73
154-->[androidx.work:work-runtime:2.7.1] AndroidManifest.xml:118:25-70
155                <action android:name="android.intent.action.TIMEZONE_CHANGED" />
155-->[androidx.work:work-runtime:2.7.1] AndroidManifest.xml:119:17-81
155-->[androidx.work:work-runtime:2.7.1] AndroidManifest.xml:119:25-78
156            </intent-filter>
157        </receiver>
158        <receiver
158-->[androidx.work:work-runtime:2.7.1] AndroidManifest.xml:122:9-131:20
159            android:name="androidx.work.impl.background.systemalarm.ConstraintProxyUpdateReceiver"
159-->[androidx.work:work-runtime:2.7.1] AndroidManifest.xml:123:13-99
160            android:directBootAware="false"
160-->[androidx.work:work-runtime:2.7.1] AndroidManifest.xml:124:13-44
161            android:enabled="@bool/enable_system_alarm_service_default"
161-->[androidx.work:work-runtime:2.7.1] AndroidManifest.xml:125:13-72
162            android:exported="false" >
162-->[androidx.work:work-runtime:2.7.1] AndroidManifest.xml:126:13-37
163            <intent-filter>
163-->[androidx.work:work-runtime:2.7.1] AndroidManifest.xml:128:13-130:29
164                <action android:name="androidx.work.impl.background.systemalarm.UpdateProxies" />
164-->[androidx.work:work-runtime:2.7.1] AndroidManifest.xml:129:17-98
164-->[androidx.work:work-runtime:2.7.1] AndroidManifest.xml:129:25-95
165            </intent-filter>
166        </receiver>
167        <receiver
167-->[androidx.work:work-runtime:2.7.1] AndroidManifest.xml:132:9-142:20
168            android:name="androidx.work.impl.diagnostics.DiagnosticsReceiver"
168-->[androidx.work:work-runtime:2.7.1] AndroidManifest.xml:133:13-78
169            android:directBootAware="false"
169-->[androidx.work:work-runtime:2.7.1] AndroidManifest.xml:134:13-44
170            android:enabled="true"
170-->[androidx.work:work-runtime:2.7.1] AndroidManifest.xml:135:13-35
171            android:exported="true"
171-->[androidx.work:work-runtime:2.7.1] AndroidManifest.xml:136:13-36
172            android:permission="android.permission.DUMP" >
172-->[androidx.work:work-runtime:2.7.1] AndroidManifest.xml:137:13-57
173            <intent-filter>
173-->[androidx.work:work-runtime:2.7.1] AndroidManifest.xml:139:13-141:29
174                <action android:name="androidx.work.diagnostics.REQUEST_DIAGNOSTICS" />
174-->[androidx.work:work-runtime:2.7.1] AndroidManifest.xml:140:17-88
174-->[androidx.work:work-runtime:2.7.1] AndroidManifest.xml:140:25-85
175            </intent-filter>
176        </receiver>
177
178        <service
178-->[androidx.room:room-runtime:2.4.2] AndroidManifest.xml:25:9-28:40
179            android:name="androidx.room.MultiInstanceInvalidationService"
179-->[androidx.room:room-runtime:2.4.2] AndroidManifest.xml:26:13-74
180            android:directBootAware="true"
180-->[androidx.room:room-runtime:2.4.2] AndroidManifest.xml:27:13-43
181            android:exported="false" />
181-->[androidx.room:room-runtime:2.4.2] AndroidManifest.xml:28:13-37
182    </application>
183
184</manifest>